<?xml version="1.0" encoding="UTF-8"?>
<!-- Generated by org.testng.reporters.JUnitXMLReporter -->
<testsuite hostname="ARDENT-PC" ignored="0" name="Test" tests="5" failures="3" timestamp="30 Dec 2019 05:35:16 GMT" time="0.518" errors="0">
  <testcase name="TestCase_1" time="0.027" classname="TestElements.TestElements">
    <failure type="java.lang.NullPointerException">
      <![CDATA[java.lang.NullPointerException
at TestElements.TestElements.TestCase_1(TestElements.java:48)
... Removed 25 stack frames]]>
    </failure>
  </testcase> <!-- TestCase_1 -->
  <testcase name="TestCase_1" time="0.003" classname="TestElements.TestElements">
    <failure type="java.lang.NullPointerException">
      <![CDATA[java.lang.NullPointerException
at TestElements.TestElements.TestCase_1(TestElements.java:48)
... Removed 25 stack frames]]>
    </failure>
  </testcase> <!-- TestCase_1 -->
  <testcase name="TestCase_1" time="0.009" classname="TestElements.TestElements">
    <failure type="java.lang.NullPointerException">
      <![CDATA[java.lang.NullPointerException
at TestElements.TestElements.TestCase_1(TestElements.java:48)
... Removed 25 stack frames]]>
    </failure>
  </testcase> <!-- TestCase_1 -->
  <testcase name="TestCase_3" time="0.003" classname="TestElements.TestElements"/>
  <testcase name="TestCase_2" time="0.004" classname="TestElements.TestElements"/>
</testsuite> <!-- Test -->
