<?xml version="1.0" encoding="UTF-8"?>
<!-- Generated by org.testng.reporters.JUnitXMLReporter -->
<testsuite hostname="ARDENT-PC" ignored="0" name="Surefire test" tests="4" failures="0" timestamp="2020-01-02T11:45:54 SGT" time="29.846" errors="0">
  <testcase name="TestCase_2" time="3.39" classname="TestElements.TestElements"/>
  <testcase name="TestCase_1" time="7.258" classname="TestElements.TestElements"/>
  <testcase name="TestCase_1" time="5.221" classname="TestElements.TestElements"/>
  <testcase name="TestCase_1" time="5.795" classname="TestElements.TestElements"/>
</testsuite> <!-- Surefire test -->
