<?xml version="1.0" encoding="UTF-8"?>
<testng-results skipped="0" failed="0" ignored="0" total="1" passed="1">
  <reporter-output>
  </reporter-output>
  <suite name="Surefire suite" duration-ms="222" started-at="2020-01-02T11:45:55 SGT" finished-at="2020-01-02T11:45:55 SGT">
    <groups>
    </groups>
    <test name="Surefire test" duration-ms="222" started-at="2020-01-02T11:45:55 SGT" finished-at="2020-01-02T11:45:55 SGT">
      <class name="SeleniumJavaFramework.SeleniumJavaFramework.AppTest">
        <test-method status="PASS" signature="shouldAnswerWithTrue()" name="shouldAnswerWithTrue" duration-ms="38" started-at="2020-01-02T11:45:55 SGT" finished-at="2020-01-02T11:45:55 SGT">
          <reporter-output>
          </reporter-output>
        </test-method> <!-- shouldAnswerWithTrue -->
      </class> <!-- SeleniumJavaFramework.SeleniumJavaFramework.AppTest -->
    </test> <!-- Surefire test -->
  </suite> <!-- Surefire suite -->
</testng-results>
